<?xml version="1.0" encoding="UTF-8"?>
<!-- Generated by org.testng.reporters.JUnitReportReporter -->
<testsuite skipped="0" hostname="Param-PC" name="TestNG.Sequencing2" tests="6" failures="0" timestamp="07 Jul 2018 08:43:59 GMT" time="0.002" errors="0">
  <testcase name="login" time="0.000" classname="TestNG.Sequencing2"/>
  <testcase name="login" time="0.001" classname="TestNG.Sequencing2"/>
  <testcase name="login" time="0.000" classname="TestNG.Sequencing2"/>
  <testcase name="login" time="0.000" classname="TestNG.Sequencing2"/>
  <testcase name="IntializeFilePath" time="0.000" classname="TestNG.Sequencing2"/>
  <testcase name="login" time="0.001" classname="TestNG.Sequencing2"/>
</testsuite> <!-- TestNG.Sequencing2 -->
